--------------- 10-01-2024, 19:29:32 ---------------
| DC v1.0.5 beta Rev. 104 -- x86_64-Linux-gtk2
| Ubuntu 22.04.3 LTS -- GTK 2.24.33 | PID 1848349
Unhandled exception: EAccessViolation: Access violation
  Stack trace:
  $000000000060CA68 line 5817, column 7 of include/control.inc in /usr/lib/doublecmd/doublecmd
  $0000000000B2E40A line 352, column 5 of frames/foptionsframe.pas in /usr/lib/doublecmd/doublecmd
  $0000000000762D8F line 4361, column 25 of include/treeview.inc in /usr/lib/doublecmd/doublecmd
  $0000000000702A66 line 179, column 5 of customtimer.pas in /usr/lib/doublecmd/doublecmd
  $0000000000702937 line 151, column 7 of customtimer.pas in /usr/lib/doublecmd/doublecmd
  $0000000000789760 line 2755, column 17 of gtk2callback.inc in /usr/lib/doublecmd/doublecmd
  $00007F9A56F1B2C8 in /lib/x86_64-linux-gnu/libglib-2.0.so.0

--------------- 13-09-2024, 17:32:43 ---------------
| DC v1.1.17 gamma Rev. 548 -- x86_64-Linux-qt5
| Ubuntu 22.04.4 LTS -- Qt 5.15.3, libQt5Pas 5.6.1 | PID 8242
Unhandled exception: EFileNotFound: File "" not found.
  Stack trace:
  $00000000008C2BD7 line 423, column 37 of filesources/filesystem/ufilesystemfilesource.pas in /home/neurosys/.mylocal/installed/doublecmd-1.1.17-qt5/doublecmd

--------------- 01-10-2024, 21:53:32 ---------------
| DC v1.1.17 gamma Rev. 548 -- x86_64-Linux-qt5
| Ubuntu 22.04.5 LTS -- Qt 5.15.3, libQt5Pas 5.6.1 | PID 894666
Unhandled exception: EFileNotFound: File "" not found.
  Stack trace:
  $00000000008C2BD7 line 423, column 37 of filesources/filesystem/ufilesystemfilesource.pas in /home/neurosys/.mylocal/installed/doublecmd-1.1.17-qt5/doublecmd

--------------- 04-10-2024, 10:25:53 ---------------
| DC v1.1.17 gamma Rev. 548 -- x86_64-Linux-qt5
| Ubuntu 22.04.5 LTS -- Qt 5.15.3, libQt5Pas 5.6.1 | PID 1473390
Unhandled exception: EAccessViolation: Access violation
  Stack trace:
  $0000771ED87A2E59 in /lib/x86_64-linux-gnu/libQt5Widgets.so.5
  $00000000007FACF0 line 339, column 3 of qtpagecontrol.inc in /home/neurosys/.mylocal/installed/doublecmd-1.1.17-qt5/doublecmd
  $0000000000764E38 line 730, column 83 of include/customnotebook.inc in /home/neurosys/.mylocal/installed/doublecmd-1.1.17-qt5/doublecmd
  $0000000000764F20 line 754, column 7 of include/customnotebook.inc in /home/neurosys/.mylocal/installed/doublecmd-1.1.17-qt5/doublecmd
  $000000000076274B line 119, column 7 of include/custompage.inc in /home/neurosys/.mylocal/installed/doublecmd-1.1.17-qt5/doublecmd
  $0000000000763488 line 130, column 5 of include/customnotebook.inc in /home/neurosys/.mylocal/installed/doublecmd-1.1.17-qt5/doublecmd
  $00000000009F92F2 line 597, column 11 of ufileviewnotebook.pas in /home/neurosys/.mylocal/installed/doublecmd-1.1.17-qt5/doublecmd
  $00000000004B7225 line 109, column 3 of include/customform.inc in /home/neurosys/.mylocal/installed/doublecmd-1.1.17-qt5/doublecmd
  $00000000004B725E line 123, column 1 of include/customform.inc in /home/neurosys/.mylocal/installed/doublecmd-1.1.17-qt5/doublecmd
  $00000000004398EB in /home/neurosys/.mylocal/installed/doublecmd-1.1.17-qt5/doublecmd
  $00000000004B2676 line 1958, column 3 of forms.pp in /home/neurosys/.mylocal/installed/doublecmd-1.1.17-qt5/doublecmd

--------------- 04-10-2024, 10:25:53 ---------------
| DC v1.1.17 gamma Rev. 548 -- x86_64-Linux-qt5
| Ubuntu 22.04.5 LTS -- Qt 5.15.3, libQt5Pas 5.6.1 | PID 1473390
Unhandled exception: EAccessViolation: Access violation
  Stack trace:
  $00000000FFFFFFFF in 
  $00000000005D045E line 7873, column 26 of include/wincontrol.inc in /home/neurosys/.mylocal/installed/doublecmd-1.1.17-qt5/doublecmd
  $00000000005E2FE5 line 47, column 3 of include/customcontrol.inc in /home/neurosys/.mylocal/installed/doublecmd-1.1.17-qt5/doublecmd
  $00000000005CA57F line 5335, column 5 of include/wincontrol.inc in /home/neurosys/.mylocal/installed/doublecmd-1.1.17-qt5/doublecmd
  $00000000005CA567 line 5331, column 11 of include/wincontrol.inc in /home/neurosys/.mylocal/installed/doublecmd-1.1.17-qt5/doublecmd
  $00000000005CD47A line 6619, column 5 of include/wincontrol.inc in /home/neurosys/.mylocal/installed/doublecmd-1.1.17-qt5/doublecmd
  $00000000005E2F6E line 40, column 3 of include/customcontrol.inc in /home/neurosys/.mylocal/installed/doublecmd-1.1.17-qt5/doublecmd
  $00000000004B5BBE line 354, column 3 of include/scrollingwincontrol.inc in /home/neurosys/.mylocal/installed/doublecmd-1.1.17-qt5/doublecmd
  $00000000004B7346 line 137, column 5 of include/customform.inc in /home/neurosys/.mylocal/installed/doublecmd-1.1.17-qt5/doublecmd
  $00000000004398EB in /home/neurosys/.mylocal/installed/doublecmd-1.1.17-qt5/doublecmd
  $00000000004B2676 line 1958, column 3 of forms.pp in /home/neurosys/.mylocal/installed/doublecmd-1.1.17-qt5/doublecmd

